--- Copying files at Mon Sep 17 02:20:03 UTC 2018
INSTALLED init.groovy.d/tcp-slave-agent-port.groovy
--- Copying files at Mon Sep 17 02:27:36 UTC 2018
--- Copying files at Mon Sep 17 02:52:20 UTC 2018
--- Copying files at Mon Sep 17 03:03:11 UTC 2018
--- Copying files at Mon Sep 17 03:28:09 UTC 2018
--- Copying files at Mon Sep 17 03:35:08 UTC 2018
--- Copying files at Mon Sep 17 08:22:36 UTC 2018
--- Copying files at Thu Sep 20 06:19:38 UTC 2018
--- Copying files at Fri Oct 12 01:41:45 UTC 2018
--- Copying files at Fri Oct 12 02:39:48 UTC 2018
--- Copying files at Fri Oct 12 03:11:10 UTC 2018
--- Copying files at Fri Oct 12 03:28:34 UTC 2018
--- Copying files at Fri Oct 12 03:29:08 UTC 2018
--- Copying files at Fri Oct 12 03:29:30 UTC 2018
--- Copying files at Fri Oct 12 04:24:19 UTC 2018
--- Copying files at Fri Oct 12 07:20:34 UTC 2018
--- Copying files at Fri Oct 12 09:49:21 UTC 2018
--- Copying files at Fri Oct 12 09:51:26 UTC 2018
--- Copying files at Tue Oct 16 01:52:46 UTC 2018
