 > git rev-parse --is-inside-work-tree # timeout=10
Fetching changes from the remote Git repository
 > git config remote.origin.url https://github.com/iPaoKung/Helloworld.git # timeout=10
Cleaning workspace
 > git rev-parse --verify HEAD # timeout=10
Resetting working tree
 > git reset --hard # timeout=10
 > git clean -fdx # timeout=10
Fetching without tags
Fetching upstream changes from https://github.com/iPaoKung/Helloworld.git
 > git --version # timeout=10
using GIT_ASKPASS to set credentials GitHub Access Token
 > git fetch --no-tags --progress https://github.com/iPaoKung/Helloworld.git +refs/heads/master:refs/remotes/origin/master
Checking out Revision a37e08764dada6a1bcfcb25c6bca8cc010848617 (master)
 > git config core.sparsecheckout # timeout=10
 > git checkout -f a37e08764dada6a1bcfcb25c6bca8cc010848617
 > git branch -a -v --no-abbrev # timeout=10
 > git branch -D master # timeout=10
 > git checkout -b master a37e08764dada6a1bcfcb25c6bca8cc010848617
Commit message: "Added Jenkinsfile"
 > git rev-list --no-walk 9a5315766bd26cd856be1e6a3a8ad581fbb41f67 # timeout=10
Cleaning workspace
 > git rev-parse --verify HEAD # timeout=10
Resetting working tree
 > git reset --hard # timeout=10
 > git clean -fdx # timeout=10
