# Logfile created on 2017-06-27 09:19:48 +0000 by logger.rb/56438
[2017-06-27T09:19:48+00:00] INFO: Started chef-zero at chefzero://localhost:8889 with repository at /opt/gitlab/embedded
  One version per cookbook

[2017-06-27T09:19:48+00:00] INFO: Forking chef instance to converge...
[2017-06-27T09:19:48+00:00] INFO: *** Chef 12.12.15 ***
[2017-06-27T09:19:48+00:00] INFO: Platform: x86_64-linux
[2017-06-27T09:19:48+00:00] INFO: Chef-client pid: 35
[2017-06-27T09:19:48+00:00] WARN: unable to detect ipaddress
[2017-06-27T09:19:49+00:00] INFO: HTTP Request Returned 404 Not Found: Object not found: chefzero://localhost:8889/nodes/mwregistry.truecorp.th
[2017-06-27T09:19:49+00:00] INFO: Setting the run_list to ["recipe[gitlab]"] from CLI options
[2017-06-27T09:19:49+00:00] INFO: Run List is [recipe[gitlab]]
[2017-06-27T09:19:49+00:00] INFO: Run List expands to [gitlab]
[2017-06-27T09:19:49+00:00] INFO: Starting Chef Run for mwregistry.truecorp.th
[2017-06-27T09:19:49+00:00] INFO: Running start handlers
[2017-06-27T09:19:49+00:00] INFO: Start handlers complete.
[2017-06-27T09:19:49+00:00] INFO: HTTP Request Returned 404 Not Found: Object not found: 
[2017-06-27T09:19:50+00:00] INFO: Loading cookbooks [gitlab@0.0.1, runit@0.14.2, package@0.0.0, registry@0.1.0]
[2017-06-27T09:19:50+00:00] INFO: Storing updated cookbooks/gitlab/resources/postgresql_user.rb in the cache.
[2017-06-27T09:19:50+00:00] INFO: Storing updated cookbooks/gitlab/recipes/postgresql-bin.rb in the cache.
[2017-06-27T09:19:50+00:00] INFO: Storing updated cookbooks/gitlab/recipes/gitlab-rails.rb in the cache.
[2017-06-27T09:19:50+00:00] INFO: Storing updated cookbooks/gitlab/recipes/redis-exporter.rb in the cache.
[2017-06-27T09:19:50+00:00] INFO: Storing updated cookbooks/gitlab/recipes/prometheus_disable.rb in the cache.
[2017-06-27T09:19:50+00:00] INFO: Storing updated cookbooks/gitlab/recipes/gitaly.rb in the cache.
[2017-06-27T09:19:50+00:00] INFO: Storing updated cookbooks/gitlab/recipes/remove_accounts.rb in the cache.
[2017-06-27T09:19:50+00:00] INFO: Storing updated cookbooks/gitlab/resources/templatesymlink.rb in the cache.
[2017-06-27T09:19:50+00:00] INFO: Storing updated cookbooks/gitlab/recipes/remote-syslog.rb in the cache.
[2017-06-27T09:19:50+00:00] INFO: Storing updated cookbooks/gitlab/recipes/prometheus.rb in the cache.
[2017-06-27T09:19:50+00:00] INFO: Storing updated cookbooks/gitlab/recipes/postgresql.rb in the cache.
[2017-06-27T09:19:50+00:00] INFO: Storing updated cookbooks/gitlab/recipes/add_trusted_certs.rb in the cache.
[2017-06-27T09:19:50+00:00] INFO: Storing updated cookbooks/gitlab/recipes/mattermost_disable.rb in the cache.
[2017-06-27T09:19:50+00:00] INFO: Storing updated cookbooks/gitlab/recipes/postgresql_user.rb in the cache.
[2017-06-27T09:19:50+00:00] INFO: Storing updated cookbooks/gitlab/recipes/node-exporter_disable.rb in the cache.
[2017-06-27T09:19:50+00:00] INFO: Storing updated cookbooks/gitlab/recipes/unicorn.rb in the cache.
[2017-06-27T09:19:50+00:00] INFO: Storing updated cookbooks/gitlab/recipes/gitlab-prometheus.rb in the cache.
[2017-06-27T09:19:50+00:00] INFO: Storing updated cookbooks/gitlab/recipes/postgresql_disable.rb in the cache.
[2017-06-27T09:19:50+00:00] INFO: Storing updated cookbooks/gitlab/recipes/nginx.rb in the cache.
[2017-06-27T09:19:50+00:00] INFO: Storing updated cookbooks/gitlab/recipes/gitlab-monitor_disable.rb in the cache.
[2017-06-27T09:19:50+00:00] INFO: Storing updated cookbooks/gitlab/recipes/mattermost.rb in the cache.
[2017-06-27T09:19:50+00:00] INFO: Storing updated cookbooks/gitlab/recipes/default.rb in the cache.
[2017-06-27T09:19:50+00:00] INFO: Storing updated cookbooks/gitlab/recipes/postgres-exporter_disable.rb in the cache.
[2017-06-27T09:19:50+00:00] INFO: Storing updated cookbooks/gitlab/recipes/bootstrap_disable.rb in the cache.
[2017-06-27T09:19:50+00:00] INFO: Storing updated cookbooks/gitlab/recipes/gitaly_disable.rb in the cache.
[2017-06-27T09:19:50+00:00] INFO: Storing updated cookbooks/gitlab/recipes/mailroom.rb in the cache.
[2017-06-27T09:19:50+00:00] INFO: Storing updated cookbooks/gitlab/recipes/gitlab-workhorse_disable.rb in the cache.
[2017-06-27T09:19:50+00:00] INFO: Storing updated cookbooks/gitlab/recipes/bootstrap.rb in the cache.
[2017-06-27T09:19:50+00:00] INFO: Storing updated cookbooks/gitlab/recipes/show_config.rb in the cache.
[2017-06-27T09:19:50+00:00] INFO: Storing updated cookbooks/gitlab/recipes/remote-syslog_disable.rb in the cache.
[2017-06-27T09:19:50+00:00] INFO: Storing updated cookbooks/gitlab/recipes/mailroom_disable.rb in the cache.
[2017-06-27T09:19:50+00:00] INFO: Storing updated cookbooks/gitlab/recipes/redis.rb in the cache.
[2017-06-27T09:19:50+00:00] INFO: Storing updated cookbooks/gitlab/recipes/unicorn_disable.rb in the cache.
[2017-06-27T09:19:50+00:00] INFO: Storing updated cookbooks/gitlab/recipes/gitlab-pages.rb in the cache.
[2017-06-27T09:19:50+00:00] INFO: Storing updated cookbooks/gitlab/recipes/web-server.rb in the cache.
[2017-06-27T09:19:50+00:00] INFO: Storing updated cookbooks/gitlab/recipes/gitlab-shell.rb in the cache.
[2017-06-27T09:19:50+00:00] INFO: Storing updated cookbooks/gitlab/recipes/database_migrations.rb in the cache.
[2017-06-27T09:19:50+00:00] INFO: Storing updated cookbooks/gitlab/recipes/redis_disable.rb in the cache.
[2017-06-27T09:19:50+00:00] INFO: Storing updated cookbooks/gitlab/recipes/logrotate.rb in the cache.
[2017-06-27T09:19:50+00:00] INFO: Storing updated cookbooks/gitlab/recipes/redis-exporter_disable.rb in the cache.
[2017-06-27T09:19:50+00:00] INFO: Storing updated cookbooks/gitlab/recipes/nginx_disable.rb in the cache.
[2017-06-27T09:19:50+00:00] INFO: Storing updated cookbooks/gitlab/recipes/gitlab-healthcheck.rb in the cache.
[2017-06-27T09:19:50+00:00] INFO: Storing updated cookbooks/gitlab/recipes/sidekiq.rb in the cache.
[2017-06-27T09:19:50+00:00] INFO: Storing updated cookbooks/gitlab/recipes/logrotate_disable.rb in the cache.
[2017-06-27T09:19:50+00:00] INFO: Storing updated cookbooks/gitlab/recipes/gitlab-monitor.rb in the cache.
[2017-06-27T09:19:50+00:00] INFO: Storing updated cookbooks/gitlab/recipes/gitlab-workhorse.rb in the cache.
[2017-06-27T09:19:50+00:00] INFO: Storing updated cookbooks/gitlab/recipes/node-exporter.rb in the cache.
[2017-06-27T09:19:50+00:00] INFO: Storing updated cookbooks/gitlab/recipes/postgres-exporter.rb in the cache.
[2017-06-27T09:19:50+00:00] INFO: Storing updated cookbooks/gitlab/recipes/config.rb in the cache.
[2017-06-27T09:19:50+00:00] INFO: Storing updated cookbooks/gitlab/recipes/selinux.rb in the cache.
[2017-06-27T09:19:50+00:00] INFO: Storing updated cookbooks/gitlab/definitions/storage_directory.rb in the cache.
[2017-06-27T09:19:50+00:00] INFO: Storing updated cookbooks/gitlab/recipes/sidekiq_disable.rb in the cache.
[2017-06-27T09:19:50+00:00] INFO: Storing updated cookbooks/gitlab/recipes/logrotate_folders_and_configs.rb in the cache.
[2017-06-27T09:19:50+00:00] INFO: Storing updated cookbooks/gitlab/recipes/users.rb in the cache.
[2017-06-27T09:19:50+00:00] INFO: Storing updated cookbooks/gitlab/recipes/prometheus_user.rb in the cache.
[2017-06-27T09:19:50+00:00] INFO: Storing updated cookbooks/gitlab/libraries/account_helper.rb in the cache.
[2017-06-27T09:19:50+00:00] INFO: Storing updated cookbooks/gitlab/definitions/unicorn_service.rb in the cache.
[2017-06-27T09:19:50+00:00] INFO: Storing updated cookbooks/gitlab/definitions/redis_service.rb in the cache.
[2017-06-27T09:19:50+00:00] INFO: Storing updated cookbooks/gitlab/definitions/env_dir.rb in the cache.
[2017-06-27T09:19:50+00:00] INFO: Storing updated cookbooks/gitlab/recipes/gitlab-pages_disable.rb in the cache.
[2017-06-27T09:19:50+00:00] INFO: Storing updated cookbooks/gitlab/libraries/prometheus.rb in the cache.
[2017-06-27T09:19:50+00:00] INFO: Storing updated cookbooks/gitlab/definitions/sysctl.rb in the cache.
[2017-06-27T09:19:50+00:00] INFO: Storing updated cookbooks/gitlab/definitions/account.rb in the cache.
[2017-06-27T09:19:50+00:00] INFO: Storing updated cookbooks/gitlab/libraries/incoming_email.rb in the cache.
[2017-06-27T09:19:50+00:00] INFO: Storing updated cookbooks/gitlab/definitions/sidekiq_service.rb in the cache.
[2017-06-27T09:19:50+00:00] INFO: Storing updated cookbooks/gitlab/libraries/redis_helper.rb in the cache.
[2017-06-27T09:19:50+00:00] INFO: Storing updated cookbooks/gitlab/libraries/gitaly.rb in the cache.
[2017-06-27T09:19:50+00:00] INFO: Storing updated cookbooks/gitlab/libraries/registry.rb in the cache.
[2017-06-27T09:19:50+00:00] INFO: Storing updated cookbooks/gitlab/libraries/matchers.rb in the cache.
[2017-06-27T09:19:50+00:00] INFO: Storing updated cookbooks/gitlab/definitions/unicorn_config.rb in the cache.
[2017-06-27T09:19:50+00:00] INFO: Storing updated cookbooks/gitlab/libraries/helpers/pg_helper.rb in the cache.
[2017-06-27T09:19:50+00:00] INFO: Storing updated cookbooks/gitlab/libraries/logging.rb in the cache.
[2017-06-27T09:19:50+00:00] INFO: Storing updated cookbooks/gitlab/libraries/unicorn.rb in the cache.
[2017-06-27T09:19:50+00:00] INFO: Storing updated cookbooks/gitlab/libraries/nginx.rb in the cache.
[2017-06-27T09:19:50+00:00] INFO: Storing updated cookbooks/gitlab/libraries/gitlab_pages.rb in the cache.
[2017-06-27T09:19:50+00:00] INFO: Storing updated cookbooks/gitlab/libraries/helpers/secrets_helper.rb in the cache.
[2017-06-27T09:19:50+00:00] INFO: Storing updated cookbooks/gitlab/libraries/storage_directory_helper.rb in the cache.
[2017-06-27T09:19:50+00:00] INFO: Storing updated cookbooks/gitlab/libraries/redis.rb in the cache.
[2017-06-27T09:19:50+00:00] INFO: Storing updated cookbooks/gitlab/libraries/helpers/geo_pg_helper.rb in the cache.
[2017-06-27T09:19:50+00:00] INFO: Storing updated cookbooks/gitlab/libraries/postgresql.rb in the cache.
[2017-06-27T09:19:50+00:00] INFO: Storing updated cookbooks/gitlab/libraries/helper.rb in the cache.
[2017-06-27T09:19:50+00:00] INFO: Storing updated cookbooks/gitlab/libraries/helpers/shell_out_helper.rb in the cache.
[2017-06-27T09:19:50+00:00] INFO: Storing updated cookbooks/gitlab/libraries/helpers/authorizer_helper.rb in the cache.
[2017-06-27T09:19:50+00:00] INFO: Storing updated cookbooks/gitlab/libraries/helpers/base_pg_helper.rb in the cache.
[2017-06-27T09:19:50+00:00] INFO: Storing updated cookbooks/gitlab/libraries/helpers/version_helper.rb in the cache.
[2017-06-27T09:19:50+00:00] INFO: Storing updated cookbooks/gitlab/libraries/helpers/mattermost_helper.rb in the cache.
[2017-06-27T09:19:50+00:00] INFO: Storing updated cookbooks/gitlab/libraries/helpers/redhat_helper.rb in the cache.
[2017-06-27T09:19:50+00:00] INFO: Storing updated cookbooks/gitlab/libraries/gitlab_mattermost.rb in the cache.
[2017-06-27T09:19:50+00:00] INFO: Storing updated cookbooks/gitlab/libraries/prometheus_helper.rb in the cache.
[2017-06-27T09:19:50+00:00] INFO: Storing updated cookbooks/gitlab/libraries/helpers/single_quote_helper.rb in the cache.
[2017-06-27T09:19:50+00:00] INFO: Storing updated cookbooks/gitlab/templates/default/sv-gitlab-workhorse-run.erb in the cache.
[2017-06-27T09:19:50+00:00] INFO: Storing updated cookbooks/gitlab/libraries/gitlab.rb in the cache.
[2017-06-27T09:19:50+00:00] INFO: Storing updated cookbooks/gitlab/libraries/gitlab_rails.rb in the cache.
[2017-06-27T09:19:50+00:00] INFO: Storing updated cookbooks/gitlab/libraries/gitlab_shell.rb in the cache.
[2017-06-27T09:19:50+00:00] INFO: Storing updated cookbooks/gitlab/libraries/certificate_helper.rb in the cache.
[2017-06-27T09:19:50+00:00] INFO: Storing updated cookbooks/gitlab/libraries/redis_uri.rb in the cache.
[2017-06-27T09:19:50+00:00] INFO: Storing updated cookbooks/gitlab/libraries/gitlab_workhorse.rb in the cache.
[2017-06-27T09:19:50+00:00] INFO: Storing updated cookbooks/gitlab/attributes/default.rb in the cache.
[2017-06-27T09:19:50+00:00] INFO: Storing updated cookbooks/gitlab/templates/default/sv-redis-run.erb in the cache.
[2017-06-27T09:19:50+00:00] INFO: Storing updated cookbooks/gitlab/libraries/omnibus_helper.rb in the cache.
[2017-06-27T09:19:50+00:00] INFO: Storing updated cookbooks/gitlab/templates/default/gitaly-config.toml.erb in the cache.
[2017-06-27T09:19:50+00:00] INFO: Storing updated cookbooks/gitlab/templates/default/sv-node-exporter-log-run.erb in the cache.
[2017-06-27T09:19:50+00:00] INFO: Storing updated cookbooks/gitlab/templates/default/sv-unicorn-control-t.erb in the cache.
[2017-06-27T09:19:50+00:00] INFO: Storing updated cookbooks/gitlab/templates/default/aws.yml.erb in the cache.
[2017-06-27T09:19:50+00:00] INFO: Storing updated cookbooks/gitlab/templates/default/sv-gitaly-run.erb in the cache.
[2017-06-27T09:19:50+00:00] INFO: Storing updated cookbooks/gitlab/templates/default/sv-postgresql-run.erb in the cache.
[2017-06-27T09:19:50+00:00] INFO: Storing updated cookbooks/gitlab/templates/default/sv-gitlab-pages-log-config.erb in the cache.
[2017-06-27T09:19:50+00:00] INFO: Storing updated cookbooks/gitlab/templates/default/sv-nginx-run.erb in the cache.
[2017-06-27T09:19:50+00:00] INFO: Storing updated cookbooks/gitlab/templates/default/remote_syslog.yml.erb in the cache.
[2017-06-27T09:19:50+00:00] INFO: Storing updated cookbooks/gitlab/templates/default/sv-unicorn-log-config.erb in the cache.
[2017-06-27T09:19:50+00:00] INFO: Storing updated cookbooks/gitlab/templates/default/sv-gitaly-log-config.erb in the cache.
[2017-06-27T09:19:50+00:00] INFO: Storing updated cookbooks/gitlab/templates/default/sv-logrotate-control-t.erb in the cache.
[2017-06-27T09:19:50+00:00] INFO: Storing updated cookbooks/gitlab/templates/default/nginx-gitlab-pages-http.conf.erb in the cache.
[2017-06-27T09:19:50+00:00] INFO: Storing updated cookbooks/gitlab/templates/default/gitlab-healthcheck-rc.erb in the cache.
[2017-06-27T09:19:50+00:00] INFO: Storing updated cookbooks/gitlab/templates/default/sv-gitlab-workhorse-log-run.erb in the cache.
[2017-06-27T09:19:50+00:00] INFO: Storing updated cookbooks/gitlab/templates/default/nginx-status.conf.erb in the cache.
[2017-06-27T09:19:50+00:00] INFO: Storing updated cookbooks/gitlab/templates/default/sv-gitlab-workhorse-log-config.erb in the cache.
[2017-06-27T09:19:50+00:00] INFO: Storing updated cookbooks/gitlab/templates/default/smtp_settings.rb.erb in the cache.
[2017-06-27T09:19:50+00:00] INFO: Storing updated cookbooks/gitlab/templates/default/sv-postgres-exporter-run.erb in the cache.
[2017-06-27T09:19:50+00:00] INFO: Storing updated cookbooks/gitlab/templates/default/workhorse-config.toml.erb in the cache.
[2017-06-27T09:19:50+00:00] INFO: Storing updated cookbooks/gitlab/templates/default/redis.conf.erb in the cache.
[2017-06-27T09:19:50+00:00] INFO: Storing updated cookbooks/gitlab/templates/default/secrets.yml.erb in the cache.
[2017-06-27T09:19:50+00:00] INFO: Storing updated cookbooks/gitlab/templates/default/mount_point_check.erb in the cache.
[2017-06-27T09:19:50+00:00] INFO: Storing updated cookbooks/gitlab/templates/default/rack_attack.rb.erb in the cache.
[2017-06-27T09:19:50+00:00] INFO: Storing updated cookbooks/gitlab/templates/default/gitlab.yml.erb in the cache.
[2017-06-27T09:19:50+00:00] INFO: Storing updated cookbooks/gitlab/templates/default/sv-redis-exporter-log-run.erb in the cache.
[2017-06-27T09:19:50+00:00] INFO: Storing updated cookbooks/gitlab/templates/default/sv-logrotate-log-run.erb in the cache.
[2017-06-27T09:19:50+00:00] INFO: Storing updated cookbooks/gitlab/templates/default/sv-mailroom-log-run.erb in the cache.
[2017-06-27T09:19:50+00:00] INFO: Storing updated cookbooks/gitlab/templates/default/config.json.erb in the cache.
[2017-06-27T09:19:50+00:00] INFO: Storing updated cookbooks/gitlab/templates/default/sv-nginx-log-config.erb in the cache.
[2017-06-27T09:19:50+00:00] INFO: Storing updated cookbooks/gitlab/templates/default/sv-gitlab-monitor-log-run.erb in the cache.
[2017-06-27T09:19:50+00:00] INFO: Storing updated cookbooks/gitlab/templates/default/sv-postgresql-log-run.erb in the cache.
[2017-06-27T09:19:50+00:00] INFO: Storing updated cookbooks/gitlab/templates/default/secret_token.erb in the cache.
[2017-06-27T09:19:50+00:00] INFO: Storing updated cookbooks/gitlab/templates/default/sv-sidekiq-log-run.erb in the cache.
[2017-06-27T09:19:50+00:00] INFO: Storing updated cookbooks/gitlab/templates/default/sv-mattermost-log-config.erb in the cache.
[2017-06-27T09:19:50+00:00] INFO: Storing updated cookbooks/gitlab/templates/default/gitlab-rails-rc.erb in the cache.
[2017-06-27T09:19:50+00:00] INFO: Storing updated cookbooks/gitlab/templates/default/sv-mailroom-log-config.erb in the cache.
[2017-06-27T09:19:50+00:00] INFO: Storing updated cookbooks/gitlab/templates/default/gitlab-monitor.yml.erb in the cache.
[2017-06-27T09:19:50+00:00] INFO: Storing updated cookbooks/gitlab/templates/default/sv-mailroom-finish.erb in the cache.
[2017-06-27T09:19:50+00:00] INFO: Storing updated cookbooks/gitlab/templates/default/pg_hba.conf.erb in the cache.
[2017-06-27T09:19:50+00:00] INFO: Storing updated cookbooks/gitlab/templates/default/gitlab-shell-config.yml.erb in the cache.
[2017-06-27T09:19:50+00:00] INFO: Storing updated cookbooks/gitlab/templates/default/postgresql-runtime.conf.erb in the cache.
[2017-06-27T09:19:50+00:00] INFO: Storing updated cookbooks/gitlab/templates/default/sv-prometheus-log-config.erb in the cache.
[2017-06-27T09:19:50+00:00] INFO: Storing updated cookbooks/gitlab/templates/default/sv-remote-syslog-log-run.erb in the cache.
[2017-06-27T09:19:50+00:00] INFO: Storing updated cookbooks/gitlab/templates/default/sv-postgres-exporter-log-config.erb in the cache.
[2017-06-27T09:19:50+00:00] INFO: Storing updated cookbooks/gitlab/templates/default/sv-mattermost-run.erb in the cache.
[2017-06-27T09:19:50+00:00] INFO: Storing updated cookbooks/gitlab/templates/default/postgres-queries.yaml in the cache.
[2017-06-27T09:19:50+00:00] INFO: Storing updated cookbooks/gitlab/templates/default/sv-redis-exporter-run.erb in the cache.
[2017-06-27T09:19:50+00:00] INFO: Storing updated cookbooks/gitlab/templates/default/sv-postgresql-control-t.erb in the cache.
[2017-06-27T09:19:50+00:00] INFO: Storing updated cookbooks/gitlab/templates/default/unicorn.rb.erb in the cache.
[2017-06-27T09:19:50+00:00] INFO: Storing updated cookbooks/gitlab/templates/default/gitconfig-system.erb in the cache.
[2017-06-27T09:19:50+00:00] INFO: Storing updated cookbooks/gitlab/templates/default/sv-sidekiq-log-config.erb in the cache.
[2017-06-27T09:19:50+00:00] INFO: Storing updated cookbooks/gitlab/templates/default/sv-prometheus-run.erb in the cache.
[2017-06-27T09:19:50+00:00] INFO: Storing updated cookbooks/gitlab/templates/default/sv-gitlab-pages-log-run.erb in the cache.
[2017-06-27T09:19:50+00:00] INFO: Storing updated cookbooks/gitlab/templates/default/sv-mailroom-run.erb in the cache.
[2017-06-27T09:19:50+00:00] INFO: Storing updated cookbooks/gitlab/templates/default/sv-gitlab-monitor-run.erb in the cache.
[2017-06-27T09:19:50+00:00] INFO: Storing updated cookbooks/gitlab/templates/default/nginx-gitlab-http.conf.erb in the cache.
[2017-06-27T09:19:50+00:00] INFO: Storing updated cookbooks/gitlab/templates/default/nginx-gitlab-mattermost-http.conf.erb in the cache.
[2017-06-27T09:19:50+00:00] INFO: Storing updated cookbooks/gitlab/templates/default/sv-gitlab-pages-run.erb in the cache.
[2017-06-27T09:19:50+00:00] INFO: Storing updated cookbooks/gitlab/templates/default/gitlab-rails-error.html.erb in the cache.
[2017-06-27T09:19:50+00:00] INFO: Storing updated cookbooks/gitlab/templates/default/sv-logrotate-log-config.erb in the cache.
[2017-06-27T09:19:50+00:00] INFO: Storing updated cookbooks/gitlab/templates/default/sv-postgres-exporter-log-run.erb in the cache.
[2017-06-27T09:19:50+00:00] INFO: Storing updated cookbooks/gitlab/templates/default/gitconfig.erb in the cache.
[2017-06-27T09:19:50+00:00] INFO: Storing updated cookbooks/gitlab/templates/default/sv-node-exporter-log-config.erb in the cache.
[2017-06-27T09:19:50+00:00] INFO: Storing updated cookbooks/gitlab/templates/default/gitlab-psql-rc.erb in the cache.
[2017-06-27T09:19:50+00:00] INFO: Storing updated cookbooks/gitlab/templates/default/sv-gitlab-monitor-log-config.erb in the cache.
[2017-06-27T09:19:50+00:00] INFO: Storing updated cookbooks/gitlab/templates/default/nginx-gitlab-registry-http.conf.erb in the cache.
[2017-06-27T09:19:50+00:00] INFO: Storing updated cookbooks/gitlab/templates/default/postgresql.conf.erb in the cache.
[2017-06-27T09:19:50+00:00] INFO: Storing updated cookbooks/gitlab/templates/default/sv-node-exporter-run.erb in the cache.
[2017-06-27T09:19:50+00:00] INFO: Storing updated cookbooks/gitlab/templates/default/sv-postgresql-log-config.erb in the cache.
[2017-06-27T09:19:50+00:00] INFO: Storing updated cookbooks/gitlab/templates/default/sv-remote-syslog-run.erb in the cache.
[2017-06-27T09:19:50+00:00] INFO: Storing updated cookbooks/gitlab/templates/default/resque.yml.erb in the cache.
[2017-06-27T09:19:50+00:00] INFO: Storing updated cookbooks/gitlab/templates/default/nginx.conf.erb in the cache.
[2017-06-27T09:19:50+00:00] INFO: Storing updated cookbooks/gitlab/templates/default/sv-logrotate-run.erb in the cache.
[2017-06-27T09:19:50+00:00] INFO: Storing updated cookbooks/gitlab/templates/default/sv-nginx-log-run.erb in the cache.
[2017-06-27T09:19:50+00:00] INFO: Storing updated cookbooks/gitlab/templates/default/database.yml.erb in the cache.
[2017-06-27T09:19:50+00:00] INFO: Storing updated cookbooks/gitlab/templates/default/sv-unicorn-run.erb in the cache.
[2017-06-27T09:19:50+00:00] INFO: Storing updated cookbooks/gitlab/templates/default/logrotate.conf.erb in the cache.
[2017-06-27T09:19:50+00:00] INFO: Storing updated cookbooks/gitlab/templates/default/pg_ident.conf.erb in the cache.
[2017-06-27T09:19:50+00:00] INFO: Storing updated cookbooks/gitlab/templates/default/sv-redis-log-config.erb in the cache.
[2017-06-27T09:19:50+00:00] INFO: Storing updated cookbooks/gitlab/templates/default/sv-mattermost-log-run.erb in the cache.
[2017-06-27T09:19:50+00:00] INFO: Storing updated cookbooks/gitlab/templates/default/postgresql-init.erb in the cache.
[2017-06-27T09:19:50+00:00] INFO: Storing updated cookbooks/gitlab/templates/default/sv-sidekiq-run.erb in the cache.
[2017-06-27T09:19:50+00:00] INFO: Storing updated cookbooks/gitlab/templates/default/sv-unicorn-log-run.erb in the cache.
[2017-06-27T09:19:50+00:00] INFO: Storing updated cookbooks/runit/recipes/upstart.rb in the cache.
[2017-06-27T09:19:50+00:00] INFO: Storing updated cookbooks/gitlab/templates/default/sv-remote-syslog-log-config.erb in the cache.
[2017-06-27T09:19:50+00:00] INFO: Storing updated cookbooks/gitlab/templates/default/logrotate-service.erb in the cache.
[2017-06-27T09:19:50+00:00] INFO: Storing updated cookbooks/gitlab/templates/default/sv-redis-exporter-log-config.erb in the cache.
[2017-06-27T09:19:50+00:00] INFO: Storing updated cookbooks/runit/files/default/gitlab-runsvdir.service in the cache.
[2017-06-27T09:19:50+00:00] INFO: Storing updated cookbooks/gitlab/templates/default/sv-gitaly-log-run.erb in the cache.
[2017-06-27T09:19:50+00:00] INFO: Storing updated cookbooks/runit/README.md in the cache.
[2017-06-27T09:19:50+00:00] INFO: Storing updated cookbooks/runit/recipes/systemd.rb in the cache.
[2017-06-27T09:19:50+00:00] INFO: Storing updated cookbooks/runit/recipes/sysvinit.rb in the cache.
[2017-06-27T09:19:50+00:00] INFO: Storing updated cookbooks/gitlab/templates/default/sv-prometheus-log-run.erb in the cache.
[2017-06-27T09:19:50+00:00] INFO: Storing updated cookbooks/runit/definitions/runit_service.rb in the cache.
[2017-06-27T09:19:50+00:00] INFO: Storing updated cookbooks/runit/recipes/default.rb in the cache.
[2017-06-27T09:19:50+00:00] INFO: Storing updated cookbooks/runit/attributes/default.rb in the cache.
[2017-06-27T09:19:50+00:00] INFO: Storing updated cookbooks/gitlab/templates/default/sv-redis-log-run.erb in the cache.
[2017-06-27T09:19:50+00:00] INFO: Storing updated cookbooks/registry/templates/default/sv-registry-run.erb in the cache.
[2017-06-27T09:19:50+00:00] INFO: Storing updated cookbooks/gitlab/metadata.rb in the cache.
[2017-06-27T09:19:50+00:00] INFO: Storing updated cookbooks/registry/metadata.rb in the cache.
[2017-06-27T09:19:50+00:00] INFO: Storing updated cookbooks/package/attributes/default.rb in the cache.
[2017-06-27T09:19:50+00:00] INFO: Storing updated cookbooks/registry/recipes/disable.rb in the cache.
[2017-06-27T09:19:50+00:00] INFO: Storing updated cookbooks/registry/recipes/enable.rb in the cache.
[2017-06-27T09:19:50+00:00] INFO: Storing updated cookbooks/registry/attributes/default.rb in the cache.
[2017-06-27T09:19:50+00:00] INFO: Storing updated cookbooks/registry/templates/default/sv-registry-log-run.erb in the cache.
[2017-06-27T09:19:50+00:00] INFO: Storing updated cookbooks/registry/templates/default/sv-registry-log-config.erb in the cache.
[2017-06-27T09:19:50+00:00] INFO: Storing updated cookbooks/runit/files/default/gitlab-runsvdir.conf in the cache.
[2017-06-27T09:19:50+00:00] INFO: Storing updated cookbooks/registry/templates/default/registry-config.yml.erb in the cache.
[2017-06-27T09:19:50+00:00] INFO: Storing updated cookbooks/runit/metadata.rb in the cache.
[2017-06-27T09:19:51+00:00] WARN: Runtime directory '/run' is not a tmpfs.
[2017-06-27T09:19:51+00:00] INFO: directory[/etc/gitlab] mode changed to 775
[2017-06-27T09:19:51+00:00] WARN: Skipped selecting an init system because it looks like we are running in a container
[2017-06-27T09:19:51+00:00] INFO: directory[/opt/gitlab/embedded/etc] created directory /opt/gitlab/embedded/etc
[2017-06-27T09:19:51+00:00] INFO: directory[/opt/gitlab/embedded/etc] owner changed to 0
[2017-06-27T09:19:51+00:00] INFO: directory[/opt/gitlab/embedded/etc] group changed to 0
[2017-06-27T09:19:51+00:00] INFO: directory[/opt/gitlab/embedded/etc] mode changed to 755
[2017-06-27T09:19:51+00:00] INFO: template[/opt/gitlab/embedded/etc/gitconfig] created file /opt/gitlab/embedded/etc/gitconfig
[2017-06-27T09:19:51+00:00] INFO: template[/opt/gitlab/embedded/etc/gitconfig] updated file contents /opt/gitlab/embedded/etc/gitconfig
[2017-06-27T09:19:51+00:00] INFO: template[/opt/gitlab/embedded/etc/gitconfig] mode changed to 755
[2017-06-27T09:19:52+00:00] INFO: template[/var/opt/gitlab/.gitconfig] created file /var/opt/gitlab/.gitconfig
[2017-06-27T09:19:52+00:00] INFO: template[/var/opt/gitlab/.gitconfig] updated file contents /var/opt/gitlab/.gitconfig
[2017-06-27T09:19:52+00:00] INFO: template[/var/opt/gitlab/.gitconfig] owner changed to 998
[2017-06-27T09:19:52+00:00] INFO: template[/var/opt/gitlab/.gitconfig] group changed to 998
[2017-06-27T09:19:52+00:00] INFO: template[/var/opt/gitlab/.gitconfig] mode changed to 644
[2017-06-27T09:19:52+00:00] INFO: ruby_block[directory resource: /var/opt/gitlab/git-data] called
[2017-06-27T09:19:52+00:00] INFO: ruby_block[directory resource: /var/opt/gitlab/git-data/repositories] called
[2017-06-27T09:19:52+00:00] INFO: ruby_block[directory resource: /var/opt/gitlab/.ssh] called
[2017-06-27T09:19:52+00:00] INFO: directory[/var/log/gitlab/gitlab-shell/] created directory /var/log/gitlab/gitlab-shell/
[2017-06-27T09:19:52+00:00] INFO: directory[/var/log/gitlab/gitlab-shell/] owner changed to 998
[2017-06-27T09:19:52+00:00] INFO: directory[/var/log/gitlab/gitlab-shell/] mode changed to 700
[2017-06-27T09:19:52+00:00] INFO: directory[/var/opt/gitlab/gitlab-shell] created directory /var/opt/gitlab/gitlab-shell
[2017-06-27T09:19:52+00:00] INFO: directory[/var/opt/gitlab/gitlab-shell] owner changed to 998
[2017-06-27T09:19:52+00:00] INFO: directory[/var/opt/gitlab/gitlab-shell] mode changed to 700
[2017-06-27T09:19:52+00:00] INFO: template[/var/opt/gitlab/gitlab-shell/config.yml] created file /var/opt/gitlab/gitlab-shell/config.yml
[2017-06-27T09:19:52+00:00] INFO: template[/var/opt/gitlab/gitlab-shell/config.yml] updated file contents /var/opt/gitlab/gitlab-shell/config.yml
[2017-06-27T09:19:52+00:00] INFO: link[Link /opt/gitlab/embedded/service/gitlab-shell/config.yml to /var/opt/gitlab/gitlab-shell/config.yml] created
[2017-06-27T09:19:52+00:00] INFO: link[/opt/gitlab/embedded/service/gitlab-shell/.gitlab_shell_secret] created
[2017-06-27T09:19:52+00:00] INFO: execute[/opt/gitlab/embedded/service/gitlab-shell/bin/gitlab-keys check-permissions] ran successfully
[2017-06-27T09:19:52+00:00] INFO: directory[/var/log/gitlab] owner changed to 998
[2017-06-27T09:19:53+00:00] INFO: ruby_block[directory resource: /var/opt/gitlab/gitlab-rails/shared] called
[2017-06-27T09:19:53+00:00] INFO: ruby_block[directory resource: /var/opt/gitlab/gitlab-rails/shared/artifacts] called
[2017-06-27T09:19:53+00:00] INFO: ruby_block[directory resource: /var/opt/gitlab/gitlab-rails/shared/lfs-objects] called
[2017-06-27T09:19:53+00:00] INFO: ruby_block[directory resource: /var/opt/gitlab/gitlab-rails/uploads] called
[2017-06-27T09:19:54+00:00] INFO: ruby_block[directory resource: /var/opt/gitlab/gitlab-ci/builds] called
[2017-06-27T09:19:54+00:00] INFO: ruby_block[directory resource: /var/opt/gitlab/gitlab-rails/shared/pages] called
[2017-06-27T09:19:54+00:00] INFO: directory[create /var/opt/gitlab/gitlab-rails/etc] owner changed to 998
[2017-06-27T09:19:54+00:00] INFO: directory[create /var/opt/gitlab/gitlab-rails/etc] mode changed to 700
[2017-06-27T09:19:54+00:00] INFO: directory[create /opt/gitlab/etc/gitlab-rails] created directory /opt/gitlab/etc/gitlab-rails
[2017-06-27T09:19:54+00:00] INFO: directory[create /opt/gitlab/etc/gitlab-rails] owner changed to 998
[2017-06-27T09:19:54+00:00] INFO: directory[create /opt/gitlab/etc/gitlab-rails] mode changed to 700
[2017-06-27T09:19:54+00:00] INFO: directory[create /var/opt/gitlab/gitlab-rails/working] created directory /var/opt/gitlab/gitlab-rails/working
[2017-06-27T09:19:54+00:00] INFO: directory[create /var/opt/gitlab/gitlab-rails/working] owner changed to 998
[2017-06-27T09:19:54+00:00] INFO: directory[create /var/opt/gitlab/gitlab-rails/working] mode changed to 700
[2017-06-27T09:19:54+00:00] INFO: directory[create /var/opt/gitlab/gitlab-rails/tmp] created directory /var/opt/gitlab/gitlab-rails/tmp
[2017-06-27T09:19:54+00:00] INFO: directory[create /var/opt/gitlab/gitlab-rails/tmp] owner changed to 998
[2017-06-27T09:19:54+00:00] INFO: directory[create /var/opt/gitlab/gitlab-rails/tmp] mode changed to 700
[2017-06-27T09:19:54+00:00] INFO: directory[create /var/opt/gitlab/gitlab-rails/upgrade-status] created directory /var/opt/gitlab/gitlab-rails/upgrade-status
[2017-06-27T09:19:54+00:00] INFO: directory[create /var/opt/gitlab/gitlab-rails/upgrade-status] owner changed to 998
[2017-06-27T09:19:54+00:00] INFO: directory[create /var/opt/gitlab/gitlab-rails/upgrade-status] mode changed to 700
[2017-06-27T09:19:54+00:00] INFO: directory[create /var/log/gitlab/gitlab-rails] created directory /var/log/gitlab/gitlab-rails
[2017-06-27T09:19:54+00:00] INFO: directory[create /var/log/gitlab/gitlab-rails] owner changed to 998
[2017-06-27T09:19:54+00:00] INFO: directory[create /var/log/gitlab/gitlab-rails] mode changed to 700
[2017-06-27T09:19:54+00:00] INFO: directory[/var/opt/gitlab/backups] created directory /var/opt/gitlab/backups
[2017-06-27T09:19:54+00:00] INFO: directory[/var/opt/gitlab/backups] owner changed to 998
[2017-06-27T09:19:54+00:00] INFO: directory[/var/opt/gitlab/backups] mode changed to 700
[2017-06-27T09:19:54+00:00] INFO: directory[/var/opt/gitlab/gitlab-rails] owner changed to 998
[2017-06-27T09:19:54+00:00] INFO: directory[/var/opt/gitlab/gitlab-ci] owner changed to 998
[2017-06-27T09:19:54+00:00] INFO: template[/opt/gitlab/etc/gitlab-rails/gitlab-rails-rc] created file /opt/gitlab/etc/gitlab-rails/gitlab-rails-rc
[2017-06-27T09:19:54+00:00] INFO: template[/opt/gitlab/etc/gitlab-rails/gitlab-rails-rc] updated file contents /opt/gitlab/etc/gitlab-rails/gitlab-rails-rc
[2017-06-27T09:19:54+00:00] INFO: template[/var/opt/gitlab/gitlab-rails/etc/database.yml] created file /var/opt/gitlab/gitlab-rails/etc/database.yml
[2017-06-27T09:19:54+00:00] INFO: template[/var/opt/gitlab/gitlab-rails/etc/database.yml] updated file contents /var/opt/gitlab/gitlab-rails/etc/database.yml
[2017-06-27T09:19:54+00:00] INFO: template[/var/opt/gitlab/gitlab-rails/etc/database.yml] owner changed to 0
[2017-06-27T09:19:54+00:00] INFO: template[/var/opt/gitlab/gitlab-rails/etc/database.yml] group changed to 0
[2017-06-27T09:19:54+00:00] INFO: template[/var/opt/gitlab/gitlab-rails/etc/database.yml] mode changed to 644
[2017-06-27T09:19:54+00:00] INFO: link[Link /opt/gitlab/embedded/service/gitlab-rails/config/database.yml to /var/opt/gitlab/gitlab-rails/etc/database.yml] created
[2017-06-27T09:19:54+00:00] INFO: template[/var/opt/gitlab/gitlab-rails/etc/secrets.yml] created file /var/opt/gitlab/gitlab-rails/etc/secrets.yml
[2017-06-27T09:19:54+00:00] INFO: template[/var/opt/gitlab/gitlab-rails/etc/secrets.yml] updated file contents /var/opt/gitlab/gitlab-rails/etc/secrets.yml
[2017-06-27T09:19:54+00:00] INFO: template[/var/opt/gitlab/gitlab-rails/etc/secrets.yml] owner changed to 0
[2017-06-27T09:19:54+00:00] INFO: template[/var/opt/gitlab/gitlab-rails/etc/secrets.yml] group changed to 0
[2017-06-27T09:19:54+00:00] INFO: template[/var/opt/gitlab/gitlab-rails/etc/secrets.yml] mode changed to 644
[2017-06-27T09:19:54+00:00] INFO: link[Link /opt/gitlab/embedded/service/gitlab-rails/config/secrets.yml to /var/opt/gitlab/gitlab-rails/etc/secrets.yml] created
[2017-06-27T09:19:54+00:00] INFO: template[/var/opt/gitlab/gitlab-rails/etc/resque.yml] created file /var/opt/gitlab/gitlab-rails/etc/resque.yml
[2017-06-27T09:19:54+00:00] INFO: template[/var/opt/gitlab/gitlab-rails/etc/resque.yml] updated file contents /var/opt/gitlab/gitlab-rails/etc/resque.yml
[2017-06-27T09:19:54+00:00] INFO: template[/var/opt/gitlab/gitlab-rails/etc/resque.yml] owner changed to 0
[2017-06-27T09:19:54+00:00] INFO: template[/var/opt/gitlab/gitlab-rails/etc/resque.yml] group changed to 0
[2017-06-27T09:19:54+00:00] INFO: template[/var/opt/gitlab/gitlab-rails/etc/resque.yml] mode changed to 644
[2017-06-27T09:19:54+00:00] INFO: link[Link /opt/gitlab/embedded/service/gitlab-rails/config/resque.yml to /var/opt/gitlab/gitlab-rails/etc/resque.yml] created
[2017-06-27T09:19:54+00:00] INFO: template[/var/opt/gitlab/gitlab-rails/etc/gitlab.yml] created file /var/opt/gitlab/gitlab-rails/etc/gitlab.yml
[2017-06-27T09:19:54+00:00] INFO: template[/var/opt/gitlab/gitlab-rails/etc/gitlab.yml] updated file contents /var/opt/gitlab/gitlab-rails/etc/gitlab.yml
[2017-06-27T09:19:54+00:00] INFO: template[/var/opt/gitlab/gitlab-rails/etc/gitlab.yml] owner changed to 0
[2017-06-27T09:19:54+00:00] INFO: template[/var/opt/gitlab/gitlab-rails/etc/gitlab.yml] group changed to 0
[2017-06-27T09:19:54+00:00] INFO: template[/var/opt/gitlab/gitlab-rails/etc/gitlab.yml] mode changed to 644
[2017-06-27T09:19:54+00:00] INFO: link[Link /opt/gitlab/embedded/service/gitlab-rails/config/gitlab.yml to /var/opt/gitlab/gitlab-rails/etc/gitlab.yml] created
[2017-06-27T09:19:54+00:00] INFO: template[/var/opt/gitlab/gitlab-rails/etc/rack_attack.rb] created file /var/opt/gitlab/gitlab-rails/etc/rack_attack.rb
[2017-06-27T09:19:54+00:00] INFO: template[/var/opt/gitlab/gitlab-rails/etc/rack_attack.rb] updated file contents /var/opt/gitlab/gitlab-rails/etc/rack_attack.rb
[2017-06-27T09:19:54+00:00] INFO: template[/var/opt/gitlab/gitlab-rails/etc/rack_attack.rb] owner changed to 0
[2017-06-27T09:19:54+00:00] INFO: template[/var/opt/gitlab/gitlab-rails/etc/rack_attack.rb] group changed to 0
[2017-06-27T09:19:54+00:00] INFO: template[/var/opt/gitlab/gitlab-rails/etc/rack_attack.rb] mode changed to 644
[2017-06-27T09:19:54+00:00] INFO: link[Link /opt/gitlab/embedded/service/gitlab-rails/config/initializers/rack_attack.rb to /var/opt/gitlab/gitlab-rails/etc/rack_attack.rb] created
[2017-06-27T09:19:54+00:00] INFO: template[/var/opt/gitlab/gitlab-rails/etc/gitlab_workhorse_secret] created file /var/opt/gitlab/gitlab-rails/etc/gitlab_workhorse_secret
[2017-06-27T09:19:54+00:00] INFO: template[/var/opt/gitlab/gitlab-rails/etc/gitlab_workhorse_secret] updated file contents /var/opt/gitlab/gitlab-rails/etc/gitlab_workhorse_secret
[2017-06-27T09:19:54+00:00] INFO: template[/var/opt/gitlab/gitlab-rails/etc/gitlab_workhorse_secret] owner changed to 0
[2017-06-27T09:19:54+00:00] INFO: template[/var/opt/gitlab/gitlab-rails/etc/gitlab_workhorse_secret] group changed to 0
[2017-06-27T09:19:54+00:00] INFO: template[/var/opt/gitlab/gitlab-rails/etc/gitlab_workhorse_secret] mode changed to 644
[2017-06-27T09:19:54+00:00] INFO: link[Link /opt/gitlab/embedded/service/gitlab-rails/.gitlab_workhorse_secret to /var/opt/gitlab/gitlab-rails/etc/gitlab_workhorse_secret] created
[2017-06-27T09:19:54+00:00] INFO: template[/var/opt/gitlab/gitlab-rails/etc/gitlab_shell_secret] created file /var/opt/gitlab/gitlab-rails/etc/gitlab_shell_secret
[2017-06-27T09:19:54+00:00] INFO: template[/var/opt/gitlab/gitlab-rails/etc/gitlab_shell_secret] updated file contents /var/opt/gitlab/gitlab-rails/etc/gitlab_shell_secret
[2017-06-27T09:19:54+00:00] INFO: template[/var/opt/gitlab/gitlab-rails/etc/gitlab_shell_secret] owner changed to 0
[2017-06-27T09:19:54+00:00] INFO: template[/var/opt/gitlab/gitlab-rails/etc/gitlab_shell_secret] group changed to 0
[2017-06-27T09:19:54+00:00] INFO: template[/var/opt/gitlab/gitlab-rails/etc/gitlab_shell_secret] mode changed to 644
[2017-06-27T09:19:54+00:00] INFO: link[Link /opt/gitlab/embedded/service/gitlab-rails/.gitlab_shell_secret to /var/opt/gitlab/gitlab-rails/etc/gitlab_shell_secret] created
[2017-06-27T09:19:54+00:00] INFO: directory[/opt/gitlab/etc/gitlab-rails/env] created directory /opt/gitlab/etc/gitlab-rails/env
[2017-06-27T09:19:54+00:00] INFO: file[/opt/gitlab/etc/gitlab-rails/env/HOME] created file /opt/gitlab/etc/gitlab-rails/env/HOME
[2017-06-27T09:19:54+00:00] INFO: file[/opt/gitlab/etc/gitlab-rails/env/HOME] updated file contents /opt/gitlab/etc/gitlab-rails/env/HOME
[2017-06-27T09:19:54+00:00] INFO: file[/opt/gitlab/etc/gitlab-rails/env/RAILS_ENV] created file /opt/gitlab/etc/gitlab-rails/env/RAILS_ENV
[2017-06-27T09:19:54+00:00] INFO: file[/opt/gitlab/etc/gitlab-rails/env/RAILS_ENV] updated file contents /opt/gitlab/etc/gitlab-rails/env/RAILS_ENV
[2017-06-27T09:19:54+00:00] INFO: file[/opt/gitlab/etc/gitlab-rails/env/LD_PRELOAD] created file /opt/gitlab/etc/gitlab-rails/env/LD_PRELOAD
[2017-06-27T09:19:54+00:00] INFO: file[/opt/gitlab/etc/gitlab-rails/env/LD_PRELOAD] updated file contents /opt/gitlab/etc/gitlab-rails/env/LD_PRELOAD
[2017-06-27T09:19:54+00:00] INFO: file[/opt/gitlab/etc/gitlab-rails/env/SIDEKIQ_MEMORY_KILLER_MAX_RSS] created file /opt/gitlab/etc/gitlab-rails/env/SIDEKIQ_MEMORY_KILLER_MAX_RSS
[2017-06-27T09:19:54+00:00] INFO: file[/opt/gitlab/etc/gitlab-rails/env/SIDEKIQ_MEMORY_KILLER_MAX_RSS] updated file contents /opt/gitlab/etc/gitlab-rails/env/SIDEKIQ_MEMORY_KILLER_MAX_RSS
[2017-06-27T09:19:54+00:00] INFO: file[/opt/gitlab/etc/gitlab-rails/env/BUNDLE_GEMFILE] created file /opt/gitlab/etc/gitlab-rails/env/BUNDLE_GEMFILE
[2017-06-27T09:19:54+00:00] INFO: file[/opt/gitlab/etc/gitlab-rails/env/BUNDLE_GEMFILE] updated file contents /opt/gitlab/etc/gitlab-rails/env/BUNDLE_GEMFILE
[2017-06-27T09:19:54+00:00] INFO: file[/opt/gitlab/etc/gitlab-rails/env/PATH] created file /opt/gitlab/etc/gitlab-rails/env/PATH
[2017-06-27T09:19:54+00:00] INFO: file[/opt/gitlab/etc/gitlab-rails/env/PATH] updated file contents /opt/gitlab/etc/gitlab-rails/env/PATH
[2017-06-27T09:19:54+00:00] INFO: file[/opt/gitlab/etc/gitlab-rails/env/ICU_DATA] created file /opt/gitlab/etc/gitlab-rails/env/ICU_DATA
[2017-06-27T09:19:54+00:00] INFO: file[/opt/gitlab/etc/gitlab-rails/env/ICU_DATA] updated file contents /opt/gitlab/etc/gitlab-rails/env/ICU_DATA
[2017-06-27T09:19:54+00:00] INFO: file[/opt/gitlab/etc/gitlab-rails/env/PYTHONPATH] created file /opt/gitlab/etc/gitlab-rails/env/PYTHONPATH
[2017-06-27T09:19:54+00:00] INFO: file[/opt/gitlab/etc/gitlab-rails/env/PYTHONPATH] updated file contents /opt/gitlab/etc/gitlab-rails/env/PYTHONPATH
[2017-06-27T09:19:54+00:00] INFO: file[/opt/gitlab/etc/gitlab-rails/env/EXECJS_RUNTIME] created file /opt/gitlab/etc/gitlab-rails/env/EXECJS_RUNTIME
[2017-06-27T09:19:54+00:00] INFO: file[/opt/gitlab/etc/gitlab-rails/env/EXECJS_RUNTIME] updated file contents /opt/gitlab/etc/gitlab-rails/env/EXECJS_RUNTIME
[2017-06-27T09:19:54+00:00] INFO: link[/opt/gitlab/embedded/service/gitlab-rails/tmp] created
[2017-06-27T09:19:54+00:00] INFO: link[/opt/gitlab/embedded/service/gitlab-rails/public/uploads] created
[2017-06-27T09:19:54+00:00] INFO: link[/opt/gitlab/embedded/service/gitlab-rails/log] created
[2017-06-27T09:19:54+00:00] INFO: link[/var/log/gitlab/gitlab-rails/sidekiq.log] created
[2017-06-27T09:19:54+00:00] INFO: file[/opt/gitlab/embedded/service/gitlab-rails/db/schema.rb] owner changed to 998
[2017-06-27T09:19:54+00:00] INFO: remote_file[/var/opt/gitlab/gitlab-rails/VERSION] created file /var/opt/gitlab/gitlab-rails/VERSION
[2017-06-27T09:19:54+00:00] INFO: remote_file[/var/opt/gitlab/gitlab-rails/VERSION] updated file contents /var/opt/gitlab/gitlab-rails/VERSION
[2017-06-27T09:19:54+00:00] INFO: remote_file[/var/opt/gitlab/gitlab-rails/REVISION] created file /var/opt/gitlab/gitlab-rails/REVISION
[2017-06-27T09:19:54+00:00] INFO: remote_file[/var/opt/gitlab/gitlab-rails/REVISION] updated file contents /var/opt/gitlab/gitlab-rails/REVISION
[2017-06-27T09:19:54+00:00] INFO: file[/var/opt/gitlab/gitlab-rails/RUBY_VERSION] created file /var/opt/gitlab/gitlab-rails/RUBY_VERSION
[2017-06-27T09:19:54+00:00] INFO: file[/var/opt/gitlab/gitlab-rails/RUBY_VERSION] updated file contents /var/opt/gitlab/gitlab-rails/RUBY_VERSION
[2017-06-27T09:21:17+00:00] INFO: execute[chown -R root:root /opt/gitlab/embedded/service/gitlab-rails/public] ran successfully
[2017-06-27T09:21:17+00:00] INFO: directory[/etc/gitlab/trusted-certs] created directory /etc/gitlab/trusted-certs
[2017-06-27T09:21:17+00:00] INFO: directory[/etc/gitlab/trusted-certs] mode changed to 755
[2017-06-27T09:21:17+00:00] INFO: file[/opt/gitlab/embedded/ssl/certs/README] created file /opt/gitlab/embedded/ssl/certs/README
[2017-06-27T09:21:17+00:00] INFO: file[/opt/gitlab/embedded/ssl/certs/README] updated file contents /opt/gitlab/embedded/ssl/certs/README
[2017-06-27T09:21:17+00:00] INFO: file[/opt/gitlab/embedded/ssl/certs/README] mode changed to 644
[2017-06-27T09:21:17+00:00] INFO: ruby_block[Move existing certs and link to /opt/gitlab/embedded/ssl/certs] called
[2017-06-27T09:21:17+00:00] INFO: directory[/var/opt/gitlab/redis] created directory /var/opt/gitlab/redis
[2017-06-27T09:21:17+00:00] INFO: directory[/var/opt/gitlab/redis] owner changed to 997
[2017-06-27T09:21:17+00:00] INFO: directory[/var/opt/gitlab/redis] group changed to 998
[2017-06-27T09:21:17+00:00] INFO: directory[/var/opt/gitlab/redis] mode changed to 750
[2017-06-27T09:21:17+00:00] INFO: directory[/var/log/gitlab/redis] created directory /var/log/gitlab/redis
[2017-06-27T09:21:17+00:00] INFO: directory[/var/log/gitlab/redis] owner changed to 997
[2017-06-27T09:21:17+00:00] INFO: directory[/var/log/gitlab/redis] mode changed to 700
[2017-06-27T09:21:17+00:00] INFO: template[/var/opt/gitlab/redis/redis.conf] created file /var/opt/gitlab/redis/redis.conf
[2017-06-27T09:21:17+00:00] INFO: template[/var/opt/gitlab/redis/redis.conf] updated file contents /var/opt/gitlab/redis/redis.conf
[2017-06-27T09:21:17+00:00] INFO: template[/var/opt/gitlab/redis/redis.conf] owner changed to 997
[2017-06-27T09:21:17+00:00] INFO: template[/var/opt/gitlab/redis/redis.conf] mode changed to 644
[2017-06-27T09:21:17+00:00] INFO: directory[/opt/gitlab/sv/redis] created directory /opt/gitlab/sv/redis
[2017-06-27T09:21:17+00:00] INFO: directory[/opt/gitlab/sv/redis] owner changed to 0
[2017-06-27T09:21:17+00:00] INFO: directory[/opt/gitlab/sv/redis] group changed to 0
[2017-06-27T09:21:17+00:00] INFO: directory[/opt/gitlab/sv/redis] mode changed to 755
[2017-06-27T09:21:17+00:00] INFO: directory[/opt/gitlab/sv/redis/log] created directory /opt/gitlab/sv/redis/log
[2017-06-27T09:21:17+00:00] INFO: directory[/opt/gitlab/sv/redis/log] owner changed to 0
[2017-06-27T09:21:17+00:00] INFO: directory[/opt/gitlab/sv/redis/log] group changed to 0
[2017-06-27T09:21:17+00:00] INFO: directory[/opt/gitlab/sv/redis/log] mode changed to 755
[2017-06-27T09:21:17+00:00] INFO: directory[/opt/gitlab/sv/redis/log/main] created directory /opt/gitlab/sv/redis/log/main
[2017-06-27T09:21:17+00:00] INFO: directory[/opt/gitlab/sv/redis/log/main] owner changed to 0
[2017-06-27T09:21:17+00:00] INFO: directory[/opt/gitlab/sv/redis/log/main] group changed to 0
[2017-06-27T09:21:17+00:00] INFO: directory[/opt/gitlab/sv/redis/log/main] mode changed to 755
[2017-06-27T09:21:17+00:00] INFO: template[/opt/gitlab/sv/redis/run] created file /opt/gitlab/sv/redis/run
[2017-06-27T09:21:17+00:00] INFO: template[/opt/gitlab/sv/redis/run] updated file contents /opt/gitlab/sv/redis/run
[2017-06-27T09:21:17+00:00] INFO: template[/opt/gitlab/sv/redis/run] owner changed to 0
[2017-06-27T09:21:17+00:00] INFO: template[/opt/gitlab/sv/redis/run] group changed to 0
[2017-06-27T09:21:17+00:00] INFO: template[/opt/gitlab/sv/redis/run] mode changed to 755
[2017-06-27T09:21:17+00:00] INFO: template[/opt/gitlab/sv/redis/log/run] created file /opt/gitlab/sv/redis/log/run
[2017-06-27T09:21:17+00:00] INFO: template[/opt/gitlab/sv/redis/log/run] updated file contents /opt/gitlab/sv/redis/log/run
[2017-06-27T09:21:17+00:00] INFO: template[/opt/gitlab/sv/redis/log/run] owner changed to 0
[2017-06-27T09:21:17+00:00] INFO: template[/opt/gitlab/sv/redis/log/run] group changed to 0
[2017-06-27T09:21:17+00:00] INFO: template[/opt/gitlab/sv/redis/log/run] mode changed to 755
[2017-06-27T09:21:17+00:00] INFO: template[/var/log/gitlab/redis/config] created file /var/log/gitlab/redis/config
[2017-06-27T09:21:17+00:00] INFO: template[/var/log/gitlab/redis/config] updated file contents /var/log/gitlab/redis/config
[2017-06-27T09:21:17+00:00] INFO: template[/var/log/gitlab/redis/config] owner changed to 0
[2017-06-27T09:21:17+00:00] INFO: template[/var/log/gitlab/redis/config] group changed to 0
[2017-06-27T09:21:17+00:00] INFO: link[/opt/gitlab/init/redis] created
[2017-06-27T09:21:17+00:00] INFO: link[/opt/gitlab/service/redis] created
[2017-06-27T09:21:18+00:00] INFO: ruby_block[supervise_redis_sleep] called
[2017-06-27T09:21:18+00:00] INFO: directory[/opt/gitlab/sv/redis/supervise] mode changed to 755
[2017-06-27T09:21:18+00:00] INFO: directory[/opt/gitlab/sv/redis/log/supervise] mode changed to 755
[2017-06-27T09:21:18+00:00] INFO: execute[/opt/gitlab/bin/gitlab-ctl start redis] ran successfully
[2017-06-27T09:21:18+00:00] INFO: directory[/var/opt/gitlab/postgresql] created directory /var/opt/gitlab/postgresql
[2017-06-27T09:21:18+00:00] INFO: directory[/var/opt/gitlab/postgresql] owner changed to 996
[2017-06-27T09:21:18+00:00] INFO: directory[/var/opt/gitlab/postgresql] mode changed to 755
[2017-06-27T09:21:18+00:00] INFO: directory[/var/opt/gitlab/postgresql/data] created directory /var/opt/gitlab/postgresql/data
[2017-06-27T09:21:18+00:00] INFO: directory[/var/opt/gitlab/postgresql/data] owner changed to 996
[2017-06-27T09:21:18+00:00] INFO: directory[/var/opt/gitlab/postgresql/data] mode changed to 700
[2017-06-27T09:21:18+00:00] INFO: directory[/var/log/gitlab/postgresql] created directory /var/log/gitlab/postgresql
[2017-06-27T09:21:18+00:00] INFO: directory[/var/log/gitlab/postgresql] owner changed to 996
[2017-06-27T09:21:18+00:00] INFO: directory[/var/log/gitlab/postgresql] mode changed to 700
[2017-06-27T09:21:18+00:00] INFO: file[/var/opt/gitlab/postgresql/.profile] created file /var/opt/gitlab/postgresql/.profile
[2017-06-27T09:21:18+00:00] INFO: file[/var/opt/gitlab/postgresql/.profile] updated file contents /var/opt/gitlab/postgresql/.profile
[2017-06-27T09:21:18+00:00] INFO: file[/var/opt/gitlab/postgresql/.profile] owner changed to 996
[2017-06-27T09:21:18+00:00] INFO: file[/var/opt/gitlab/postgresql/.profile] mode changed to 600
[2017-06-27T09:21:18+00:00] INFO: file[create /opt/gitlab/embedded/etc/90-omnibus-gitlab-kernel.shmmax.conf kernel.shmmax] created file /opt/gitlab/embedded/etc/90-omnibus-gitlab-kernel.shmmax.conf
[2017-06-27T09:21:18+00:00] INFO: file[create /opt/gitlab/embedded/etc/90-omnibus-gitlab-kernel.shmmax.conf kernel.shmmax] updated file contents /opt/gitlab/embedded/etc/90-omnibus-gitlab-kernel.shmmax.conf
[2017-06-27T09:21:18+00:00] INFO: file[create /opt/gitlab/embedded/etc/90-omnibus-gitlab-kernel.shmmax.conf kernel.shmmax] sending run action to execute[load sysctl conf kernel.shmmax] (immediate)
[2017-06-27T09:21:18+00:00] INFO: execute[load sysctl conf kernel.shmmax] ran successfully
[2017-06-27T09:21:18+00:00] INFO: link[/etc/sysctl.d/90-omnibus-gitlab-kernel.shmmax.conf] created
[2017-06-27T09:21:18+00:00] INFO: file[create /opt/gitlab/embedded/etc/90-omnibus-gitlab-kernel.shmall.conf kernel.shmall] created file /opt/gitlab/embedded/etc/90-omnibus-gitlab-kernel.shmall.conf
[2017-06-27T09:21:18+00:00] INFO: file[create /opt/gitlab/embedded/etc/90-omnibus-gitlab-kernel.shmall.conf kernel.shmall] updated file contents /opt/gitlab/embedded/etc/90-omnibus-gitlab-kernel.shmall.conf
[2017-06-27T09:21:18+00:00] INFO: file[create /opt/gitlab/embedded/etc/90-omnibus-gitlab-kernel.shmall.conf kernel.shmall] sending run action to execute[load sysctl conf kernel.shmall] (immediate)
[2017-06-27T09:21:18+00:00] INFO: execute[load sysctl conf kernel.shmall] ran successfully
[2017-06-27T09:21:18+00:00] INFO: link[/etc/sysctl.d/90-omnibus-gitlab-kernel.shmall.conf] created
[2017-06-27T09:21:18+00:00] INFO: file[create /opt/gitlab/embedded/etc/90-omnibus-gitlab-kernel.sem.conf kernel.sem] created file /opt/gitlab/embedded/etc/90-omnibus-gitlab-kernel.sem.conf
[2017-06-27T09:21:18+00:00] INFO: file[create /opt/gitlab/embedded/etc/90-omnibus-gitlab-kernel.sem.conf kernel.sem] updated file contents /opt/gitlab/embedded/etc/90-omnibus-gitlab-kernel.sem.conf
[2017-06-27T09:21:18+00:00] INFO: file[create /opt/gitlab/embedded/etc/90-omnibus-gitlab-kernel.sem.conf kernel.sem] sending run action to execute[load sysctl conf kernel.sem] (immediate)
[2017-06-27T09:21:18+00:00] INFO: execute[load sysctl conf kernel.sem] ran successfully
[2017-06-27T09:21:18+00:00] INFO: link[/etc/sysctl.d/90-omnibus-gitlab-kernel.sem.conf] created
[2017-06-27T09:21:29+00:00] INFO: execute[/opt/gitlab/embedded/bin/initdb -D /var/opt/gitlab/postgresql/data -E UTF8] ran successfully
[2017-06-27T09:21:29+00:00] INFO: template[/var/opt/gitlab/postgresql/data/postgresql.conf] backed up to /opt/gitlab/embedded/cookbooks/cache/backup/var/opt/gitlab/postgresql/data/postgresql.conf.chef-20170627092129.823706
[2017-06-27T09:21:29+00:00] INFO: template[/var/opt/gitlab/postgresql/data/postgresql.conf] updated file contents /var/opt/gitlab/postgresql/data/postgresql.conf
[2017-06-27T09:21:29+00:00] INFO: template[/var/opt/gitlab/postgresql/data/postgresql.conf] owner changed to 996
[2017-06-27T09:21:29+00:00] INFO: template[/var/opt/gitlab/postgresql/data/postgresql.conf] mode changed to 644
[2017-06-27T09:21:29+00:00] INFO: template[/var/opt/gitlab/postgresql/data/runtime.conf] created file /var/opt/gitlab/postgresql/data/runtime.conf
[2017-06-27T09:21:29+00:00] INFO: template[/var/opt/gitlab/postgresql/data/runtime.conf] updated file contents /var/opt/gitlab/postgresql/data/runtime.conf
[2017-06-27T09:21:29+00:00] INFO: template[/var/opt/gitlab/postgresql/data/runtime.conf] owner changed to 996
[2017-06-27T09:21:29+00:00] INFO: template[/var/opt/gitlab/postgresql/data/runtime.conf] mode changed to 644
[2017-06-27T09:21:29+00:00] INFO: template[/var/opt/gitlab/postgresql/data/pg_hba.conf] backed up to /opt/gitlab/embedded/cookbooks/cache/backup/var/opt/gitlab/postgresql/data/pg_hba.conf.chef-20170627092129.910864
[2017-06-27T09:21:29+00:00] INFO: template[/var/opt/gitlab/postgresql/data/pg_hba.conf] updated file contents /var/opt/gitlab/postgresql/data/pg_hba.conf
[2017-06-27T09:21:29+00:00] INFO: template[/var/opt/gitlab/postgresql/data/pg_hba.conf] owner changed to 996
[2017-06-27T09:21:29+00:00] INFO: template[/var/opt/gitlab/postgresql/data/pg_hba.conf] mode changed to 644
[2017-06-27T09:21:29+00:00] INFO: template[/var/opt/gitlab/postgresql/data/pg_ident.conf] backed up to /opt/gitlab/embedded/cookbooks/cache/backup/var/opt/gitlab/postgresql/data/pg_ident.conf.chef-20170627092129.947499
[2017-06-27T09:21:29+00:00] INFO: template[/var/opt/gitlab/postgresql/data/pg_ident.conf] updated file contents /var/opt/gitlab/postgresql/data/pg_ident.conf
[2017-06-27T09:21:29+00:00] INFO: template[/var/opt/gitlab/postgresql/data/pg_ident.conf] owner changed to 996
[2017-06-27T09:21:29+00:00] INFO: template[/var/opt/gitlab/postgresql/data/pg_ident.conf] mode changed to 644
[2017-06-27T09:21:29+00:00] INFO: directory[/opt/gitlab/sv/postgresql] created directory /opt/gitlab/sv/postgresql
[2017-06-27T09:21:29+00:00] INFO: directory[/opt/gitlab/sv/postgresql] owner changed to 0
[2017-06-27T09:21:29+00:00] INFO: directory[/opt/gitlab/sv/postgresql] group changed to 0
[2017-06-27T09:21:29+00:00] INFO: directory[/opt/gitlab/sv/postgresql] mode changed to 755
[2017-06-27T09:21:29+00:00] INFO: directory[/opt/gitlab/sv/postgresql/log] created directory /opt/gitlab/sv/postgresql/log
[2017-06-27T09:21:29+00:00] INFO: directory[/opt/gitlab/sv/postgresql/log] owner changed to 0
[2017-06-27T09:21:29+00:00] INFO: directory[/opt/gitlab/sv/postgresql/log] group changed to 0
[2017-06-27T09:21:29+00:00] INFO: directory[/opt/gitlab/sv/postgresql/log] mode changed to 755
[2017-06-27T09:21:29+00:00] INFO: directory[/opt/gitlab/sv/postgresql/log/main] created directory /opt/gitlab/sv/postgresql/log/main
[2017-06-27T09:21:29+00:00] INFO: directory[/opt/gitlab/sv/postgresql/log/main] owner changed to 0
[2017-06-27T09:21:29+00:00] INFO: directory[/opt/gitlab/sv/postgresql/log/main] group changed to 0
[2017-06-27T09:21:29+00:00] INFO: directory[/opt/gitlab/sv/postgresql/log/main] mode changed to 755
[2017-06-27T09:21:29+00:00] INFO: template[/opt/gitlab/sv/postgresql/run] created file /opt/gitlab/sv/postgresql/run
[2017-06-27T09:21:29+00:00] INFO: template[/opt/gitlab/sv/postgresql/run] updated file contents /opt/gitlab/sv/postgresql/run
[2017-06-27T09:21:29+00:00] INFO: template[/opt/gitlab/sv/postgresql/run] owner changed to 0
[2017-06-27T09:21:29+00:00] INFO: template[/opt/gitlab/sv/postgresql/run] group changed to 0
[2017-06-27T09:21:29+00:00] INFO: template[/opt/gitlab/sv/postgresql/run] mode changed to 755
[2017-06-27T09:21:29+00:00] INFO: template[/opt/gitlab/sv/postgresql/log/run] created file /opt/gitlab/sv/postgresql/log/run
[2017-06-27T09:21:29+00:00] INFO: template[/opt/gitlab/sv/postgresql/log/run] updated file contents /opt/gitlab/sv/postgresql/log/run
[2017-06-27T09:21:29+00:00] INFO: template[/opt/gitlab/sv/postgresql/log/run] owner changed to 0
[2017-06-27T09:21:29+00:00] INFO: template[/opt/gitlab/sv/postgresql/log/run] group changed to 0
[2017-06-27T09:21:29+00:00] INFO: template[/opt/gitlab/sv/postgresql/log/run] mode changed to 755
[2017-06-27T09:21:30+00:00] INFO: template[/var/log/gitlab/postgresql/config] created file /var/log/gitlab/postgresql/config
[2017-06-27T09:21:30+00:00] INFO: template[/var/log/gitlab/postgresql/config] updated file contents /var/log/gitlab/postgresql/config
[2017-06-27T09:21:30+00:00] INFO: template[/var/log/gitlab/postgresql/config] owner changed to 0
[2017-06-27T09:21:30+00:00] INFO: template[/var/log/gitlab/postgresql/config] group changed to 0
[2017-06-27T09:21:30+00:00] INFO: directory[/opt/gitlab/sv/postgresql/control] created directory /opt/gitlab/sv/postgresql/control
[2017-06-27T09:21:30+00:00] INFO: directory[/opt/gitlab/sv/postgresql/control] owner changed to 0
[2017-06-27T09:21:30+00:00] INFO: directory[/opt/gitlab/sv/postgresql/control] group changed to 0
[2017-06-27T09:21:30+00:00] INFO: directory[/opt/gitlab/sv/postgresql/control] mode changed to 755
[2017-06-27T09:21:30+00:00] INFO: template[/opt/gitlab/sv/postgresql/control/t] created file /opt/gitlab/sv/postgresql/control/t
[2017-06-27T09:21:30+00:00] INFO: template[/opt/gitlab/sv/postgresql/control/t] updated file contents /opt/gitlab/sv/postgresql/control/t
[2017-06-27T09:21:30+00:00] INFO: template[/opt/gitlab/sv/postgresql/control/t] owner changed to 0
[2017-06-27T09:21:30+00:00] INFO: template[/opt/gitlab/sv/postgresql/control/t] group changed to 0
[2017-06-27T09:21:30+00:00] INFO: template[/opt/gitlab/sv/postgresql/control/t] mode changed to 755
[2017-06-27T09:21:30+00:00] INFO: link[/opt/gitlab/init/postgresql] created
[2017-06-27T09:21:30+00:00] INFO: link[/opt/gitlab/service/postgresql] created
[2017-06-27T09:21:35+00:00] INFO: ruby_block[supervise_postgresql_sleep] called
[2017-06-27T09:21:35+00:00] INFO: directory[/opt/gitlab/sv/postgresql/supervise] mode changed to 755
[2017-06-27T09:21:35+00:00] INFO: directory[/opt/gitlab/sv/postgresql/log/supervise] mode changed to 755
[2017-06-27T09:21:35+00:00] INFO: file[/opt/gitlab/sv/postgresql/supervise/ok] created file /opt/gitlab/sv/postgresql/supervise/ok
[2017-06-27T09:21:35+00:00] INFO: file[/opt/gitlab/sv/postgresql/supervise/ok] owner changed to 996
[2017-06-27T09:21:35+00:00] INFO: file[/opt/gitlab/sv/postgresql/supervise/ok] group changed to 996
[2017-06-27T09:21:35+00:00] INFO: file[/opt/gitlab/sv/postgresql/supervise/ok] updated atime and mtime to 2017-06-27 09:21:35 +0000
[2017-06-27T09:21:35+00:00] INFO: file[/opt/gitlab/sv/postgresql/log/supervise/ok] created file /opt/gitlab/sv/postgresql/log/supervise/ok
[2017-06-27T09:21:35+00:00] INFO: file[/opt/gitlab/sv/postgresql/log/supervise/ok] owner changed to 996
[2017-06-27T09:21:35+00:00] INFO: file[/opt/gitlab/sv/postgresql/log/supervise/ok] group changed to 996
[2017-06-27T09:21:35+00:00] INFO: file[/opt/gitlab/sv/postgresql/log/supervise/ok] updated atime and mtime to 2017-06-27 09:21:35 +0000
[2017-06-27T09:21:35+00:00] INFO: file[/opt/gitlab/sv/postgresql/supervise/control] created file /opt/gitlab/sv/postgresql/supervise/control
[2017-06-27T09:21:35+00:00] INFO: file[/opt/gitlab/sv/postgresql/supervise/control] owner changed to 996
[2017-06-27T09:21:35+00:00] INFO: file[/opt/gitlab/sv/postgresql/supervise/control] group changed to 996
[2017-06-27T09:21:35+00:00] INFO: file[/opt/gitlab/sv/postgresql/supervise/control] updated atime and mtime to 2017-06-27 09:21:35 +0000
[2017-06-27T09:21:35+00:00] INFO: file[/opt/gitlab/sv/postgresql/log/supervise/control] created file /opt/gitlab/sv/postgresql/log/supervise/control
[2017-06-27T09:21:35+00:00] INFO: file[/opt/gitlab/sv/postgresql/log/supervise/control] owner changed to 996
[2017-06-27T09:21:35+00:00] INFO: file[/opt/gitlab/sv/postgresql/log/supervise/control] group changed to 996
[2017-06-27T09:21:35+00:00] INFO: file[/opt/gitlab/sv/postgresql/log/supervise/control] updated atime and mtime to 2017-06-27 09:21:35 +0000
[2017-06-27T09:21:35+00:00] INFO: execute[/opt/gitlab/bin/gitlab-ctl start postgresql] ran successfully
[2017-06-27T09:21:35+00:00] INFO: template[/opt/gitlab/etc/gitlab-psql-rc] created file /opt/gitlab/etc/gitlab-psql-rc
[2017-06-27T09:21:35+00:00] INFO: template[/opt/gitlab/etc/gitlab-psql-rc] updated file contents /opt/gitlab/etc/gitlab-psql-rc
[2017-06-27T09:21:35+00:00] INFO: template[/opt/gitlab/etc/gitlab-psql-rc] owner changed to 0
[2017-06-27T09:21:35+00:00] INFO: template[/opt/gitlab/etc/gitlab-psql-rc] group changed to 0
[2017-06-27T09:21:35+00:00] INFO: execute[create gitlab postgresql user] ran successfully
[2017-06-27T09:21:37+00:00] INFO: execute[create gitlabhq_production database] ran successfully
[2017-06-27T09:21:37+00:00] INFO: execute[create gitlab_replicator postgresql user] ran successfully
[2017-06-27T09:21:37+00:00] INFO: bash[migrate gitlab-rails database] running why-run run action to support before action
[2017-06-27T09:21:37+00:00] INFO: bash[migrate gitlab-rails database] sending run action to execute[enable pg_trgm extension] (before)
[2017-06-27T09:21:37+00:00] INFO: execute[enable pg_trgm extension] ran successfully
