 > git rev-parse --is-inside-work-tree # timeout=10
Fetching changes from the remote Git repository
 > git config remote.origin.url https://github.com/iPaoKung/Helloworld.git # timeout=10
Cleaning workspace
 > git rev-parse --verify HEAD # timeout=10
Resetting working tree
 > git reset --hard # timeout=10
 > git clean -fdx # timeout=10
Fetching without tags
Fetching upstream changes from https://github.com/iPaoKung/Helloworld.git
 > git --version # timeout=10
using GIT_ASKPASS to set credentials GitHub Access Token
 > git fetch --no-tags --progress https://github.com/iPaoKung/Helloworld.git +refs/heads/master:refs/remotes/origin/master
Checking out Revision 9a5315766bd26cd856be1e6a3a8ad581fbb41f67 (master)
 > git config core.sparsecheckout # timeout=10
 > git checkout -f 9a5315766bd26cd856be1e6a3a8ad581fbb41f67
 > git branch -a -v --no-abbrev # timeout=10
 > git branch -D master # timeout=10
 > git checkout -b master 9a5315766bd26cd856be1e6a3a8ad581fbb41f67
Commit message: "Added Jenkinsfile"
 > git rev-list --no-walk 4c24286a7e33ae398192b02d3b68f4577ff2e1d4 # timeout=10
Cleaning workspace
 > git rev-parse --verify HEAD # timeout=10
Resetting working tree
 > git reset --hard # timeout=10
 > git clean -fdx # timeout=10
